<?xml version="1.0" encoding="UTF-8"?>
<testsuite name="com.wordz.WordTest" tests="1" skipped="0" failures="0" errors="0" timestamp="2024-05-05T04:37:14" hostname="LAPTOP-662VNBS9" time="0.044">
  <properties/>
  <testcase name="oneIncorrectLetter()" classname="com.wordz.WordTest" time="0.044"/>
  <system-out><![CDATA[]]></system-out>
  <system-err><![CDATA[]]></system-err>
</testsuite>
