<?xml version="1.0" encoding="UTF-8"?>
<testsuite name="org.example.RectangleTest" tests="1" skipped="0" failures="0" errors="0" timestamp="2024-06-01T00:11:57" hostname="LAPTOP-662VNBS9" time="0.938">
  <properties/>
  <testcase name="testDrawRectangleWithDifferentDimensions()" classname="org.example.RectangleTest" time="0.938"/>
  <system-out><![CDATA[]]></system-out>
  <system-err><![CDATA[]]></system-err>
</testsuite>
