<?xml version="1.0" encoding="UTF-8"?>
<testsuite name="mockito.HelloMockitoTest" tests="1" skipped="0" failures="0" errors="0" timestamp="2024-06-03T18:43:00" hostname="LAPTOP-662VNBS9" time="0.014">
  <properties/>
  <testcase name="greetPerson()" classname="mockito.HelloMockitoTest" time="0.014"/>
  <system-out><![CDATA[]]></system-out>
  <system-err><![CDATA[]]></system-err>
</testsuite>
